0 info it worked if it ends with ok
1 verbose cli [ '/app/.heroku/node/bin/node',
1 verbose cli   '/app/.heroku/node/bin/npm',
1 verbose cli   'start' ]
2 info using npm@6.4.1
3 info using node@v10.15.1
4 verbose config Skipping project config: /app/.npmrc. (matches userconfig)
5 verbose run-script [ 'prestart', 'start', 'poststart' ]
6 info lifecycle web-server@1.0.0~prestart: web-server@1.0.0
7 info lifecycle web-server@1.0.0~start: web-server@1.0.0
8 verbose lifecycle web-server@1.0.0~start: unsafe-perm in lifecycle true
9 verbose lifecycle web-server@1.0.0~start: PATH: /app/.heroku/node/lib/node_modules/npm/node_modules/npm-lifecycle/node-gyp-bin:/app/node_modules/.bin:/app/.heroku/node/bin:/app/.heroku/yarn/bin:/usr/local/bin:/usr/bin:/bin:/app/bin:/app/node_modules/.bin
10 verbose lifecycle web-server@1.0.0~start: CWD: /app
11 silly lifecycle web-server@1.0.0~start: Args: [ '-c', 'node server.js' ]
12 silly lifecycle web-server@1.0.0~start: Returned: code: 1  signal: null
13 info lifecycle web-server@1.0.0~start: Failed to exec start script
14 verbose stack Error: web-server@1.0.0 start: `node server.js`
14 verbose stack Exit status 1
14 verbose stack     at EventEmitter.<anonymous> (/app/.heroku/node/lib/node_modules/npm/node_modules/npm-lifecycle/index.js:301:16)
14 verbose stack     at EventEmitter.emit (events.js:189:13)
14 verbose stack     at ChildProcess.<anonymous> (/app/.heroku/node/lib/node_modules/npm/node_modules/npm-lifecycle/lib/spawn.js:55:14)
14 verbose stack     at ChildProcess.emit (events.js:189:13)
14 verbose stack     at maybeClose (internal/child_process.js:970:16)
14 verbose stack     at Process.ChildProcess._handle.onexit (internal/child_process.js:259:5)
15 verbose pkgid web-server@1.0.0
16 verbose cwd /app
17 verbose Linux 4.4.0-1031-aws
18 verbose argv "/app/.heroku/node/bin/node" "/app/.heroku/node/bin/npm" "start"
19 verbose node v10.15.1
20 verbose npm  v6.4.1
21 error code ELIFECYCLE
22 error errno 1
23 error web-server@1.0.0 start: `node server.js`
23 error Exit status 1
24 error Failed at the web-server@1.0.0 start script.
24 error This is probably not a problem with npm. There is likely additional logging output above.
25 verbose exit [ 1, true ]
